<?xml version="1.0" encoding="UTF-8"?>
<!-- Generated by org.testng.reporters.JUnitReportReporter -->
<testsuite hostname="LAPTOP-MECT35IO" failures="0" tests="1" name="testpkg.testclass" time="66.279" errors="0" timestamp="2024-03-27T14:47:12 IST" skipped="0">
  <testcase classname="testpkg.testclass" name="functions" time="66.279"/>
</testsuite> <!-- testpkg.testclass -->
